# JRE version: OpenJDK Runtime Environment (8.0_242-b01) (build 1.8.0_242-release-1644-b01)
# Java VM: OpenJDK 64-Bit Server VM (25.242-b01 mixed mode windows-amd64 compressed oops)
Heap:
 PSYoungGen      total 224768K, used 45059K [0x00000000e0000000, 0x00000000f0980000, 0x0000000100000000)
  eden space 206848K, 21% used [0x00000000e0000000,0x00000000e2c00c18,0x00000000eca00000)
  from space 17920K, 0% used [0x00000000edd00000,0x00000000edd00000,0x00000000eee80000)
  to   space 19456K, 0% used [0x00000000eca00000,0x00000000eca00000,0x00000000edd00000)
 ParOldGen       total 141312K, used 31576K [0x00000000a0000000, 0x00000000a8a00000, 0x00000000e0000000)
  object space 141312K, 22% used [0x00000000a0000000,0x00000000a1ed6048,0x00000000a8a00000)
 Metaspace       used 59383K, capacity 61734K, committed 62040K, reserved 1101824K
  class space    used 8209K, capacity 8692K, committed 8832K, reserved 1048576K
GC Heap History (10 events):
Event: 3.293 GC heap before
{Heap before GC invocations=9 (full 2):
 PSYoungGen      total 119808K, used 8264K [0x00000000e0000000, 0x00000000ec900000, 0x0000000100000000)
  eden space 108032K, 0% used [0x00000000e0000000,0x00000000e0000000,0x00000000e6980000)
  from space 11776K, 70% used [0x00000000e6980000,0x00000000e7192060,0x00000000e7500000)
  to   space 11264K, 0% used [0x00000000ebe00000,0x00000000ebe00000,0x00000000ec900000)
 ParOldGen       total 93696K, used 7223K [0x00000000a0000000, 0x00000000a5b80000, 0x00000000e0000000)
  object space 93696K, 7% used [0x00000000a0000000,0x00000000a070dd20,0x00000000a5b80000)
 Metaspace       used 34193K, capacity 35392K, committed 35416K, reserved 1079296K
  class space    used 4709K, capacity 4973K, committed 4992K, reserved 1048576K
Event: 3.321 GC heap after
Heap after GC invocations=9 (full 2):
 PSYoungGen      total 119808K, used 0K [0x00000000e0000000, 0x00000000ec900000, 0x0000000100000000)
  eden space 108032K, 0% used [0x00000000e0000000,0x00000000e0000000,0x00000000e6980000)
  from space 11776K, 0% used [0x00000000e6980000,0x00000000e6980000,0x00000000e7500000)
  to   space 11264K, 0% used [0x00000000ebe00000,0x00000000ebe00000,0x00000000ec900000)
 ParOldGen       total 141312K, used 14491K [0x00000000a0000000, 0x00000000a8a00000, 0x00000000e0000000)
  object space 141312K, 10% used [0x00000000a0000000,0x00000000a0e26e50,0x00000000a8a00000)
 Metaspace       used 34193K, capacity 35392K, committed 35416K, reserved 1079296K
  class space    used 4709K, capacity 4973K, committed 4992K, reserved 1048576K
}
Event: 3.753 GC heap before
{Heap before GC invocations=10 (full 2):
 PSYoungGen      total 119808K, used 108032K [0x00000000e0000000, 0x00000000ec900000, 0x0000000100000000)
  eden space 108032K, 100% used [0x00000000e0000000,0x00000000e6980000,0x00000000e6980000)
  from space 11776K, 0% used [0x00000000e6980000,0x00000000e6980000,0x00000000e7500000)
  to   space 11264K, 0% used [0x00000000ebe00000,0x00000000ebe00000,0x00000000ec900000)
 ParOldGen       total 141312K, used 14491K [0x00000000a0000000, 0x00000000a8a00000, 0x00000000e0000000)
  object space 141312K, 10% used [0x00000000a0000000,0x00000000a0e26e50,0x00000000a8a00000)
 Metaspace       used 37020K, capacity 38766K, committed 39000K, reserved 1083392K
  class space    used 5112K, capacity 5434K, committed 5504K, reserved 1048576K
Event: 3.758 GC heap after
Heap after GC invocations=10 (full 2):
 PSYoungGen      total 168960K, used 7037K [0x00000000e0000000, 0x00000000ec500000, 0x0000000100000000)
  eden space 161792K, 0% used [0x00000000e0000000,0x00000000e0000000,0x00000000e9e00000)
  from space 7168K, 98% used [0x00000000ebe00000,0x00000000ec4df748,0x00000000ec500000)
  to   space 11264K, 0% used [0x00000000eaf00000,0x00000000eaf00000,0x00000000eba00000)
 ParOldGen       total 141312K, used 14499K [0x00000000a0000000, 0x00000000a8a00000, 0x00000000e0000000)
  object space 141312K, 10% used [0x00000000a0000000,0x00000000a0e28e50,0x00000000a8a00000)
 Metaspace       used 37020K, capacity 38766K, committed 39000K, reserved 1083392K
  class space    used 5112K, capacity 5434K, committed 5504K, reserved 1048576K
}
Event: 4.886 GC heap before
{Heap before GC invocations=11 (full 2):
 PSYoungGen      total 168960K, used 168829K [0x00000000e0000000, 0x00000000ec500000, 0x0000000100000000)
  eden space 161792K, 100% used [0x00000000e0000000,0x00000000e9e00000,0x00000000e9e00000)
  from space 7168K, 98% used [0x00000000ebe00000,0x00000000ec4df748,0x00000000ec500000)
  to   space 11264K, 0% used [0x00000000eaf00000,0x00000000eaf00000,0x00000000eba00000)
 ParOldGen       total 141312K, used 14499K [0x00000000a0000000, 0x00000000a8a00000, 0x00000000e0000000)
  object space 141312K, 10% used [0x00000000a0000000,0x00000000a0e28e50,0x00000000a8a00000)
 Metaspace       used 52362K, capacity 54540K, committed 54616K, reserved 1095680K
  class space    used 7020K, capacity 7482K, committed 7552K, reserved 1048576K
Event: 4.901 GC heap after
Heap after GC invocations=11 (full 2):
 PSYoungGen      total 190464K, used 11236K [0x00000000e0000000, 0x00000000eee80000, 0x0000000100000000)
  eden space 179200K, 0% used [0x00000000e0000000,0x00000000e0000000,0x00000000eaf00000)
  from space 11264K, 99% used [0x00000000eaf00000,0x00000000eb9f9330,0x00000000eba00000)
  to   space 17920K, 0% used [0x00000000edd00000,0x00000000edd00000,0x00000000eee80000)
 ParOldGen       total 141312K, used 28117K [0x00000000a0000000, 0x00000000a8a00000, 0x00000000e0000000)
  object space 141312K, 19% used [0x00000000a0000000,0x00000000a1b75490,0x00000000a8a00000)
 Metaspace       used 52362K, capacity 54540K, committed 54616K, reserved 1095680K
  class space    used 7020K, capacity 7482K, committed 7552K, reserved 1048576K
}
Event: 5.286 GC heap before
{Heap before GC invocations=12 (full 2):
 PSYoungGen      total 190464K, used 55690K [0x00000000e0000000, 0x00000000eee80000, 0x0000000100000000)
  eden space 179200K, 24% used [0x00000000e0000000,0x00000000e2b696d0,0x00000000eaf00000)
  from space 11264K, 99% used [0x00000000eaf00000,0x00000000eb9f9330,0x00000000eba00000)
  to   space 17920K, 0% used [0x00000000edd00000,0x00000000edd00000,0x00000000eee80000)
 ParOldGen       total 141312K, used 28117K [0x00000000a0000000, 0x00000000a8a00000, 0x00000000e0000000)
  object space 141312K, 19% used [0x00000000a0000000,0x00000000a1b75490,0x00000000a8a00000)
 Metaspace       used 56394K, capacity 58830K, committed 58968K, reserved 1099776K
  class space    used 7724K, capacity 8196K, committed 8320K, reserved 1048576K
Event: 5.295 GC heap after
Heap after GC invocations=12 (full 2):
 PSYoungGen      total 224768K, used 16352K [0x00000000e0000000, 0x00000000f0980000, 0x0000000100000000)
  eden space 206848K, 0% used [0x00000000e0000000,0x00000000e0000000,0x00000000eca00000)
  from space 17920K, 91% used [0x00000000edd00000,0x00000000eecf81b8,0x00000000eee80000)
  to   space 19456K, 0% used [0x00000000eca00000,0x00000000eca00000,0x00000000edd00000)
 ParOldGen       total 141312K, used 28125K [0x00000000a0000000, 0x00000000a8a00000, 0x00000000e0000000)
  object space 141312K, 19% used [0x00000000a0000000,0x00000000a1b77490,0x00000000a8a00000)
 Metaspace       used 56394K, capacity 58830K, committed 58968K, reserved 1099776K
  class space    used 7724K, capacity 8196K, committed 8320K, reserved 1048576K
}
Event: 5.295 GC heap before
{Heap before GC invocations=13 (full 3):
 PSYoungGen      total 224768K, used 16352K [0x00000000e0000000, 0x00000000f0980000, 0x0000000100000000)
  eden space 206848K, 0% used [0x00000000e0000000,0x00000000e0000000,0x00000000eca00000)
  from space 17920K, 91% used [0x00000000edd00000,0x00000000eecf81b8,0x00000000eee80000)
  to   space 19456K, 0% used [0x00000000eca00000,0x00000000eca00000,0x00000000edd00000)
 ParOldGen       total 141312K, used 28125K [0x00000000a0000000, 0x00000000a8a00000, 0x00000000e0000000)
  object space 141312K, 19% used [0x00000000a0000000,0x00000000a1b77490,0x00000000a8a00000)
 Metaspace       used 56394K, capacity 58830K, committed 58968K, reserved 1099776K
  class space    used 7724K, capacity 8196K, committed 8320K, reserved 1048576K
Event: 5.450 GC heap after
Heap after GC invocations=13 (full 3):
 PSYoungGen      total 224768K, used 0K [0x00000000e0000000, 0x00000000f0980000, 0x0000000100000000)
  eden space 206848K, 0% used [0x00000000e0000000,0x00000000e0000000,0x00000000eca00000)
  from space 17920K, 0% used [0x00000000edd00000,0x00000000edd00000,0x00000000eee80000)
  to   space 19456K, 0% used [0x00000000eca00000,0x00000000eca00000,0x00000000edd00000)
 ParOldGen       total 141312K, used 31576K [0x00000000a0000000, 0x00000000a8a00000, 0x00000000e0000000)
  object space 141312K, 22% used [0x00000000a0000000,0x00000000a1ed6048,0x00000000a8a00000)
 Metaspace       used 56319K, capacity 58578K, committed 58968K, reserved 1099776K
  class space    used 7701K, capacity 8154K, committed 8320K, reserved 1048576K
}

