# JRE version: OpenJDK Runtime Environment (8.0_242-b01) (build 1.8.0_242-release-1644-b01)
# Java VM: OpenJDK 64-Bit Server VM (25.242-b01 mixed mode windows-amd64 compressed oops)
Heap:
 PSYoungGen      total 231424K, used 32051K [0x00000000e0000000, 0x00000000ef480000, 0x0000000100000000)
  eden space 220672K, 14% used [0x00000000e0000000,0x00000000e1f4cfd8,0x00000000ed780000)
  from space 10752K, 0% used [0x00000000eea00000,0x00000000eea00000,0x00000000ef480000)
  to   space 14848K, 0% used [0x00000000ed780000,0x00000000ed780000,0x00000000ee600000)
 ParOldGen       total 134656K, used 35643K [0x00000000a0000000, 0x00000000a8380000, 0x00000000e0000000)
  object space 134656K, 26% used [0x00000000a0000000,0x00000000a22cec00,0x00000000a8380000)
 Metaspace       used 58803K, capacity 61222K, committed 61656K, reserved 1101824K
  class space    used 8104K, capacity 8588K, committed 8704K, reserved 1048576K
GC Heap History (10 events):
Event: 4.277 GC heap before
{Heap before GC invocations=7 (full 1):
 PSYoungGen      total 141824K, used 49517K [0x00000000e0000000, 0x00000000ef980000, 0x0000000100000000)
  eden space 131072K, 29% used [0x00000000e0000000,0x00000000e25e2218,0x00000000e8000000)
  from space 10752K, 99% used [0x00000000e8000000,0x00000000e8a79288,0x00000000e8a80000)
  to   space 15872K, 0% used [0x00000000eea00000,0x00000000eea00000,0x00000000ef980000)
 ParOldGen       total 90624K, used 10198K [0x00000000a0000000, 0x00000000a5880000, 0x00000000e0000000)
  object space 90624K, 11% used [0x00000000a0000000,0x00000000a09f5a28,0x00000000a5880000)
 Metaspace       used 34202K, capacity 35392K, committed 35416K, reserved 1079296K
  class space    used 4705K, capacity 4973K, committed 4992K, reserved 1048576K
Event: 4.282 GC heap after
Heap after GC invocations=7 (full 1):
 PSYoungGen      total 231424K, used 8244K [0x00000000e0000000, 0x00000000ef480000, 0x0000000100000000)
  eden space 220672K, 0% used [0x00000000e0000000,0x00000000e0000000,0x00000000ed780000)
  from space 10752K, 76% used [0x00000000eea00000,0x00000000ef20d200,0x00000000ef480000)
  to   space 14848K, 0% used [0x00000000ed780000,0x00000000ed780000,0x00000000ee600000)
 ParOldGen       total 90624K, used 10206K [0x00000000a0000000, 0x00000000a5880000, 0x00000000e0000000)
  object space 90624K, 11% used [0x00000000a0000000,0x00000000a09f7a28,0x00000000a5880000)
 Metaspace       used 34202K, capacity 35392K, committed 35416K, reserved 1079296K
  class space    used 4705K, capacity 4973K, committed 4992K, reserved 1048576K
}
Event: 4.282 GC heap before
{Heap before GC invocations=8 (full 2):
 PSYoungGen      total 231424K, used 8244K [0x00000000e0000000, 0x00000000ef480000, 0x0000000100000000)
  eden space 220672K, 0% used [0x00000000e0000000,0x00000000e0000000,0x00000000ed780000)
  from space 10752K, 76% used [0x00000000eea00000,0x00000000ef20d200,0x00000000ef480000)
  to   space 14848K, 0% used [0x00000000ed780000,0x00000000ed780000,0x00000000ee600000)
 ParOldGen       total 90624K, used 10206K [0x00000000a0000000, 0x00000000a5880000, 0x00000000e0000000)
  object space 90624K, 11% used [0x00000000a0000000,0x00000000a09f7a28,0x00000000a5880000)
 Metaspace       used 34202K, capacity 35392K, committed 35416K, reserved 1079296K
  class space    used 4705K, capacity 4973K, committed 4992K, reserved 1048576K
Event: 4.313 GC heap after
Heap after GC invocations=8 (full 2):
 PSYoungGen      total 231424K, used 0K [0x00000000e0000000, 0x00000000ef480000, 0x0000000100000000)
  eden space 220672K, 0% used [0x00000000e0000000,0x00000000e0000000,0x00000000ed780000)
  from space 10752K, 0% used [0x00000000eea00000,0x00000000eea00000,0x00000000ef480000)
  to   space 14848K, 0% used [0x00000000ed780000,0x00000000ed780000,0x00000000ee600000)
 ParOldGen       total 134656K, used 14617K [0x00000000a0000000, 0x00000000a8380000, 0x00000000e0000000)
  object space 134656K, 10% used [0x00000000a0000000,0x00000000a0e46728,0x00000000a8380000)
 Metaspace       used 34202K, capacity 35392K, committed 35416K, reserved 1079296K
  class space    used 4705K, capacity 4973K, committed 4992K, reserved 1048576K
}
Event: 5.768 GC heap before
{Heap before GC invocations=9 (full 2):
 PSYoungGen      total 231424K, used 220672K [0x00000000e0000000, 0x00000000ef480000, 0x0000000100000000)
  eden space 220672K, 100% used [0x00000000e0000000,0x00000000ed780000,0x00000000ed780000)
  from space 10752K, 0% used [0x00000000eea00000,0x00000000eea00000,0x00000000ef480000)
  to   space 14848K, 0% used [0x00000000ed780000,0x00000000ed780000,0x00000000ee600000)
 ParOldGen       total 134656K, used 14617K [0x00000000a0000000, 0x00000000a8380000, 0x00000000e0000000)
  object space 134656K, 10% used [0x00000000a0000000,0x00000000a0e46728,0x00000000a8380000)
 Metaspace       used 46511K, capacity 48498K, committed 48728K, reserved 1091584K
  class space    used 6297K, capacity 6678K, committed 6784K, reserved 1048576K
Event: 5.779 GC heap after
Heap after GC invocations=9 (full 2):
 PSYoungGen      total 235520K, used 14837K [0x00000000e0000000, 0x00000000ef480000, 0x0000000100000000)
  eden space 220672K, 0% used [0x00000000e0000000,0x00000000e0000000,0x00000000ed780000)
  from space 14848K, 99% used [0x00000000ed780000,0x00000000ee5fd400,0x00000000ee600000)
  to   space 10752K, 0% used [0x00000000eea00000,0x00000000eea00000,0x00000000ef480000)
 ParOldGen       total 134656K, used 18107K [0x00000000a0000000, 0x00000000a8380000, 0x00000000e0000000)
  object space 134656K, 13% used [0x00000000a0000000,0x00000000a11aed00,0x00000000a8380000)
 Metaspace       used 46511K, capacity 48498K, committed 48728K, reserved 1091584K
  class space    used 6297K, capacity 6678K, committed 6784K, reserved 1048576K
}
Event: 6.895 GC heap before
{Heap before GC invocations=10 (full 2):
 PSYoungGen      total 235520K, used 137539K [0x00000000e0000000, 0x00000000ef480000, 0x0000000100000000)
  eden space 220672K, 55% used [0x00000000e0000000,0x00000000e77d39a8,0x00000000ed780000)
  from space 14848K, 99% used [0x00000000ed780000,0x00000000ee5fd400,0x00000000ee600000)
  to   space 10752K, 0% used [0x00000000eea00000,0x00000000eea00000,0x00000000ef480000)
 ParOldGen       total 134656K, used 18107K [0x00000000a0000000, 0x00000000a8380000, 0x00000000e0000000)
  object space 134656K, 13% used [0x00000000a0000000,0x00000000a11aed00,0x00000000a8380000)
 Metaspace       used 56424K, capacity 58830K, committed 58968K, reserved 1099776K
  class space    used 7718K, capacity 8194K, committed 8320K, reserved 1048576K
Event: 6.905 GC heap after
Heap after GC invocations=10 (full 2):
 PSYoungGen      total 231424K, used 10720K [0x00000000e0000000, 0x00000000ef480000, 0x0000000100000000)
  eden space 220672K, 0% used [0x00000000e0000000,0x00000000e0000000,0x00000000ed780000)
  from space 10752K, 99% used [0x00000000eea00000,0x00000000ef478030,0x00000000ef480000)
  to   space 14848K, 0% used [0x00000000ed780000,0x00000000ed780000,0x00000000ee600000)
 ParOldGen       total 134656K, used 31164K [0x00000000a0000000, 0x00000000a8380000, 0x00000000e0000000)
  object space 134656K, 23% used [0x00000000a0000000,0x00000000a1e6f248,0x00000000a8380000)
 Metaspace       used 56424K, capacity 58830K, committed 58968K, reserved 1099776K
  class space    used 7718K, capacity 8194K, committed 8320K, reserved 1048576K
}
Event: 6.905 GC heap before
{Heap before GC invocations=11 (full 3):
 PSYoungGen      total 231424K, used 10720K [0x00000000e0000000, 0x00000000ef480000, 0x0000000100000000)
  eden space 220672K, 0% used [0x00000000e0000000,0x00000000e0000000,0x00000000ed780000)
  from space 10752K, 99% used [0x00000000eea00000,0x00000000ef478030,0x00000000ef480000)
  to   space 14848K, 0% used [0x00000000ed780000,0x00000000ed780000,0x00000000ee600000)
 ParOldGen       total 134656K, used 31164K [0x00000000a0000000, 0x00000000a8380000, 0x00000000e0000000)
  object space 134656K, 23% used [0x00000000a0000000,0x00000000a1e6f248,0x00000000a8380000)
 Metaspace       used 56424K, capacity 58830K, committed 58968K, reserved 1099776K
  class space    used 7718K, capacity 8194K, committed 8320K, reserved 1048576K
Event: 7.075 GC heap after
Heap after GC invocations=11 (full 3):
 PSYoungGen      total 231424K, used 0K [0x00000000e0000000, 0x00000000ef480000, 0x0000000100000000)
  eden space 220672K, 0% used [0x00000000e0000000,0x00000000e0000000,0x00000000ed780000)
  from space 10752K, 0% used [0x00000000eea00000,0x00000000eea00000,0x00000000ef480000)
  to   space 14848K, 0% used [0x00000000ed780000,0x00000000ed780000,0x00000000ee600000)
 ParOldGen       total 134656K, used 35643K [0x00000000a0000000, 0x00000000a8380000, 0x00000000e0000000)
  object space 134656K, 26% used [0x00000000a0000000,0x00000000a22cec00,0x00000000a8380000)
 Metaspace       used 56353K, capacity 58590K, committed 58968K, reserved 1099776K
  class space    used 7696K, capacity 8154K, committed 8320K, reserved 1048576K
}

