# JRE version: OpenJDK Runtime Environment (8.0_242-b01) (build 1.8.0_242-release-1644-b01)
# Java VM: OpenJDK 64-Bit Server VM (25.242-b01 mixed mode windows-amd64 compressed oops)
Heap:
 PSYoungGen      total 354816K, used 263077K [0x00000000e0000000, 0x00000000fda00000, 0x0000000100000000)
  eden space 331264K, 72% used [0x00000000e0000000,0x00000000ee9ed7d8,0x00000000f4380000)
  from space 23552K, 99% used [0x00000000f4380000,0x00000000f5a7be10,0x00000000f5a80000)
  to   space 30720K, 0% used [0x00000000fbc00000,0x00000000fbc00000,0x00000000fda00000)
 ParOldGen       total 194560K, used 45219K [0x00000000a0000000, 0x00000000abe00000, 0x00000000e0000000)
  object space 194560K, 23% used [0x00000000a0000000,0x00000000a2c28ff8,0x00000000abe00000)
 Metaspace       used 80782K, capacity 85964K, committed 86296K, reserved 1124352K
  class space    used 11253K, capacity 12210K, committed 12328K, reserved 1048576K
GC Heap History (10 events):
Event: 3.393 GC heap before
{Heap before GC invocations=8 (full 2):
 PSYoungGen      total 239616K, used 8377K [0x00000000e0000000, 0x00000000efb80000, 0x0000000100000000)
  eden space 223744K, 0% used [0x00000000e0000000,0x00000000e0000000,0x00000000eda80000)
  from space 15872K, 52% used [0x00000000ee980000,0x00000000ef1ae740,0x00000000ef900000)
  to   space 15360K, 0% used [0x00000000eda80000,0x00000000eda80000,0x00000000ee980000)
 ParOldGen       total 91136K, used 10385K [0x00000000a0000000, 0x00000000a5900000, 0x00000000e0000000)
  object space 91136K, 11% used [0x00000000a0000000,0x00000000a0a24448,0x00000000a5900000)
 Metaspace       used 34293K, capacity 35426K, committed 35496K, reserved 1079296K
  class space    used 4719K, capacity 5006K, committed 5032K, reserved 1048576K
Event: 3.422 GC heap after
Heap after GC invocations=8 (full 2):
 PSYoungGen      total 239616K, used 0K [0x00000000e0000000, 0x00000000efb80000, 0x0000000100000000)
  eden space 223744K, 0% used [0x00000000e0000000,0x00000000e0000000,0x00000000eda80000)
  from space 15872K, 0% used [0x00000000ee980000,0x00000000ee980000,0x00000000ef900000)
  to   space 15360K, 0% used [0x00000000eda80000,0x00000000eda80000,0x00000000ee980000)
 ParOldGen       total 136704K, used 14713K [0x00000000a0000000, 0x00000000a8580000, 0x00000000e0000000)
  object space 136704K, 10% used [0x00000000a0000000,0x00000000a0e5e558,0x00000000a8580000)
 Metaspace       used 34293K, capacity 35426K, committed 35496K, reserved 1079296K
  class space    used 4719K, capacity 5006K, committed 5032K, reserved 1048576K
}
Event: 14.449 GC heap before
{Heap before GC invocations=9 (full 2):
 PSYoungGen      total 239616K, used 223744K [0x00000000e0000000, 0x00000000efb80000, 0x0000000100000000)
  eden space 223744K, 100% used [0x00000000e0000000,0x00000000eda80000,0x00000000eda80000)
  from space 15872K, 0% used [0x00000000ee980000,0x00000000ee980000,0x00000000ef900000)
  to   space 15360K, 0% used [0x00000000eda80000,0x00000000eda80000,0x00000000ee980000)
 ParOldGen       total 136704K, used 14713K [0x00000000a0000000, 0x00000000a8580000, 0x00000000e0000000)
  object space 136704K, 10% used [0x00000000a0000000,0x00000000a0e5e558,0x00000000a8580000)
 Metaspace       used 45532K, capacity 47464K, committed 47528K, reserved 1089536K
  class space    used 6173K, capacity 6539K, committed 6568K, reserved 1048576K
Event: 14.458 GC heap after
Heap after GC invocations=9 (full 2):
 PSYoungGen      total 239104K, used 15337K [0x00000000e0000000, 0x00000000f6c80000, 0x0000000100000000)
  eden space 223744K, 0% used [0x00000000e0000000,0x00000000e0000000,0x00000000eda80000)
  from space 15360K, 99% used [0x00000000eda80000,0x00000000ee97a4f0,0x00000000ee980000)
  to   space 18432K, 0% used [0x00000000f5a80000,0x00000000f5a80000,0x00000000f6c80000)
 ParOldGen       total 136704K, used 16624K [0x00000000a0000000, 0x00000000a8580000, 0x00000000e0000000)
  object space 136704K, 12% used [0x00000000a0000000,0x00000000a103c188,0x00000000a8580000)
 Metaspace       used 45532K, capacity 47464K, committed 47528K, reserved 1089536K
  class space    used 6173K, capacity 6539K, committed 6568K, reserved 1048576K
}
Event: 15.309 GC heap before
{Heap before GC invocations=10 (full 2):
 PSYoungGen      total 239104K, used 148392K [0x00000000e0000000, 0x00000000f6c80000, 0x0000000100000000)
  eden space 223744K, 59% used [0x00000000e0000000,0x00000000e81efbc0,0x00000000eda80000)
  from space 15360K, 99% used [0x00000000eda80000,0x00000000ee97a4f0,0x00000000ee980000)
  to   space 18432K, 0% used [0x00000000f5a80000,0x00000000f5a80000,0x00000000f6c80000)
 ParOldGen       total 136704K, used 16624K [0x00000000a0000000, 0x00000000a8580000, 0x00000000e0000000)
  object space 136704K, 12% used [0x00000000a0000000,0x00000000a103c188,0x00000000a8580000)
 Metaspace       used 56482K, capacity 58990K, committed 59160K, reserved 1099776K
  class space    used 7738K, capacity 8228K, committed 8232K, reserved 1048576K
Event: 15.320 GC heap after
Heap after GC invocations=10 (full 2):
 PSYoungGen      total 349696K, used 18431K [0x00000000e0000000, 0x00000000f7280000, 0x0000000100000000)
  eden space 331264K, 0% used [0x00000000e0000000,0x00000000e0000000,0x00000000f4380000)
  from space 18432K, 99% used [0x00000000f5a80000,0x00000000f6c7ff00,0x00000000f6c80000)
  to   space 23552K, 0% used [0x00000000f4380000,0x00000000f4380000,0x00000000f5a80000)
 ParOldGen       total 136704K, used 22656K [0x00000000a0000000, 0x00000000a8580000, 0x00000000e0000000)
  object space 136704K, 16% used [0x00000000a0000000,0x00000000a16202d8,0x00000000a8580000)
 Metaspace       used 56482K, capacity 58990K, committed 59160K, reserved 1099776K
  class space    used 7738K, capacity 8228K, committed 8232K, reserved 1048576K
}
Event: 15.320 GC heap before
{Heap before GC invocations=11 (full 3):
 PSYoungGen      total 349696K, used 18431K [0x00000000e0000000, 0x00000000f7280000, 0x0000000100000000)
  eden space 331264K, 0% used [0x00000000e0000000,0x00000000e0000000,0x00000000f4380000)
  from space 18432K, 99% used [0x00000000f5a80000,0x00000000f6c7ff00,0x00000000f6c80000)
  to   space 23552K, 0% used [0x00000000f4380000,0x00000000f4380000,0x00000000f5a80000)
 ParOldGen       total 136704K, used 22656K [0x00000000a0000000, 0x00000000a8580000, 0x00000000e0000000)
  object space 136704K, 16% used [0x00000000a0000000,0x00000000a16202d8,0x00000000a8580000)
 Metaspace       used 56482K, capacity 58990K, committed 59160K, reserved 1099776K
  class space    used 7738K, capacity 8228K, committed 8232K, reserved 1048576K
Event: 15.444 GC heap after
Heap after GC invocations=11 (full 3):
 PSYoungGen      total 349696K, used 0K [0x00000000e0000000, 0x00000000f7280000, 0x0000000100000000)
  eden space 331264K, 0% used [0x00000000e0000000,0x00000000e0000000,0x00000000f4380000)
  from space 18432K, 0% used [0x00000000f5a80000,0x00000000f5a80000,0x00000000f6c80000)
  to   space 23552K, 0% used [0x00000000f4380000,0x00000000f4380000,0x00000000f5a80000)
 ParOldGen       total 194560K, used 36271K [0x00000000a0000000, 0x00000000abe00000, 0x00000000e0000000)
  object space 194560K, 18% used [0x00000000a0000000,0x00000000a236bf58,0x00000000abe00000)
 Metaspace       used 56410K, capacity 58744K, committed 59160K, reserved 1099776K
  class space    used 7715K, capacity 8187K, committed 8232K, reserved 1048576K
}
Event: 23.740 GC heap before
{Heap before GC invocations=12 (full 3):
 PSYoungGen      total 349696K, used 328785K [0x00000000e0000000, 0x00000000f7280000, 0x0000000100000000)
  eden space 331264K, 99% used [0x00000000e0000000,0x00000000f4114650,0x00000000f4380000)
  from space 18432K, 0% used [0x00000000f5a80000,0x00000000f5a80000,0x00000000f6c80000)
  to   space 23552K, 0% used [0x00000000f4380000,0x00000000f4380000,0x00000000f5a80000)
 ParOldGen       total 194560K, used 36271K [0x00000000a0000000, 0x00000000abe00000, 0x00000000e0000000)
  object space 194560K, 18% used [0x00000000a0000000,0x00000000a236bf58,0x00000000abe00000)
 Metaspace       used 77262K, capacity 81986K, committed 82200K, reserved 1120256K
  class space    used 10828K, capacity 11713K, committed 11816K, reserved 1048576K
Event: 23.762 GC heap after
Heap after GC invocations=12 (full 3):
 PSYoungGen      total 354816K, used 23535K [0x00000000e0000000, 0x00000000fda00000, 0x0000000100000000)
  eden space 331264K, 0% used [0x00000000e0000000,0x00000000e0000000,0x00000000f4380000)
  from space 23552K, 99% used [0x00000000f4380000,0x00000000f5a7be10,0x00000000f5a80000)
  to   space 30720K, 0% used [0x00000000fbc00000,0x00000000fbc00000,0x00000000fda00000)
 ParOldGen       total 194560K, used 45219K [0x00000000a0000000, 0x00000000abe00000, 0x00000000e0000000)
  object space 194560K, 23% used [0x00000000a0000000,0x00000000a2c28ff8,0x00000000abe00000)
 Metaspace       used 77262K, capacity 81986K, committed 82200K, reserved 1120256K
  class space    used 10828K, capacity 11713K, committed 11816K, reserved 1048576K
}

