# JRE version: OpenJDK Runtime Environment (8.0_242-b01) (build 1.8.0_242-release-1644-b01)
# Java VM: OpenJDK 64-Bit Server VM (25.242-b01 mixed mode windows-amd64 compressed oops)
Heap:
 PSYoungGen      total 125952K, used 95917K [0x00000000e0000000, 0x00000000edb00000, 0x0000000100000000)
  eden space 113664K, 84% used [0x00000000e0000000,0x00000000e5dab5f8,0x00000000e6f00000)
  from space 12288K, 0% used [0x00000000e6f00000,0x00000000e6f00000,0x00000000e7b00000)
  to   space 11776K, 0% used [0x00000000ecf80000,0x00000000ecf80000,0x00000000edb00000)
 ParOldGen       total 87552K, used 14411K [0x00000000a0000000, 0x00000000a5580000, 0x00000000e0000000)
  object space 87552K, 16% used [0x00000000a0000000,0x00000000a0e12ee0,0x00000000a5580000)
 Metaspace       used 36459K, capacity 38044K, committed 38104K, reserved 1081344K
  class space    used 5013K, capacity 5339K, committed 5376K, reserved 1048576K
GC Heap History (10 events):
Event: 2.271 GC heap before
{Heap before GC invocations=5 (full 1):
 PSYoungGen      total 76288K, used 7165K [0x00000000e0000000, 0x00000000e9500000, 0x0000000100000000)
  eden space 65536K, 0% used [0x00000000e0000000,0x00000000e0000000,0x00000000e4000000)
  from space 10752K, 66% used [0x00000000e4a80000,0x00000000e517f490,0x00000000e5500000)
  to   space 10752K, 0% used [0x00000000e4000000,0x00000000e4000000,0x00000000e4a80000)
 ParOldGen       total 175104K, used 1049K [0x00000000a0000000, 0x00000000aab00000, 0x00000000e0000000)
  object space 175104K, 0% used [0x00000000a0000000,0x00000000a01064e0,0x00000000aab00000)
 Metaspace       used 20494K, capacity 21204K, committed 21248K, reserved 1067008K
  class space    used 2857K, capacity 3048K, committed 3072K, reserved 1048576K
Event: 2.291 GC heap after
Heap after GC invocations=5 (full 1):
 PSYoungGen      total 76288K, used 0K [0x00000000e0000000, 0x00000000e9500000, 0x0000000100000000)
  eden space 65536K, 0% used [0x00000000e0000000,0x00000000e0000000,0x00000000e4000000)
  from space 10752K, 0% used [0x00000000e4a80000,0x00000000e4a80000,0x00000000e5500000)
  to   space 10752K, 0% used [0x00000000e4000000,0x00000000e4000000,0x00000000e4a80000)
 ParOldGen       total 87552K, used 6942K [0x00000000a0000000, 0x00000000a5580000, 0x00000000e0000000)
  object space 87552K, 7% used [0x00000000a0000000,0x00000000a06c7a58,0x00000000a5580000)
 Metaspace       used 20494K, capacity 21204K, committed 21248K, reserved 1067008K
  class space    used 2857K, capacity 3048K, committed 3072K, reserved 1048576K
}
Event: 2.716 GC heap before
{Heap before GC invocations=6 (full 1):
 PSYoungGen      total 76288K, used 65536K [0x00000000e0000000, 0x00000000e9500000, 0x0000000100000000)
  eden space 65536K, 100% used [0x00000000e0000000,0x00000000e4000000,0x00000000e4000000)
  from space 10752K, 0% used [0x00000000e4a80000,0x00000000e4a80000,0x00000000e5500000)
  to   space 10752K, 0% used [0x00000000e4000000,0x00000000e4000000,0x00000000e4a80000)
 ParOldGen       total 87552K, used 6942K [0x00000000a0000000, 0x00000000a5580000, 0x00000000e0000000)
  object space 87552K, 7% used [0x00000000a0000000,0x00000000a06c7a58,0x00000000a5580000)
 Metaspace       used 28518K, capacity 29386K, committed 29568K, reserved 1075200K
  class space    used 3940K, capacity 4191K, committed 4224K, reserved 1048576K
Event: 2.719 GC heap after
Heap after GC invocations=6 (full 1):
 PSYoungGen      total 76288K, used 8309K [0x00000000e0000000, 0x00000000e8880000, 0x0000000100000000)
  eden space 65536K, 0% used [0x00000000e0000000,0x00000000e0000000,0x00000000e4000000)
  from space 10752K, 77% used [0x00000000e4000000,0x00000000e481d438,0x00000000e4a80000)
  to   space 12288K, 0% used [0x00000000e7c80000,0x00000000e7c80000,0x00000000e8880000)
 ParOldGen       total 87552K, used 6950K [0x00000000a0000000, 0x00000000a5580000, 0x00000000e0000000)
  object space 87552K, 7% used [0x00000000a0000000,0x00000000a06c9a58,0x00000000a5580000)
 Metaspace       used 28518K, capacity 29386K, committed 29568K, reserved 1075200K
  class space    used 3940K, capacity 4191K, committed 4224K, reserved 1048576K
}
Event: 3.069 GC heap before
{Heap before GC invocations=7 (full 1):
 PSYoungGen      total 76288K, used 73845K [0x00000000e0000000, 0x00000000e8880000, 0x0000000100000000)
  eden space 65536K, 100% used [0x00000000e0000000,0x00000000e4000000,0x00000000e4000000)
  from space 10752K, 77% used [0x00000000e4000000,0x00000000e481d438,0x00000000e4a80000)
  to   space 12288K, 0% used [0x00000000e7c80000,0x00000000e7c80000,0x00000000e8880000)
 ParOldGen       total 87552K, used 6950K [0x00000000a0000000, 0x00000000a5580000, 0x00000000e0000000)
  object space 87552K, 7% used [0x00000000a0000000,0x00000000a06c9a58,0x00000000a5580000)
 Metaspace       used 32780K, capacity 33846K, committed 33920K, reserved 1079296K
  class space    used 4467K, capacity 4723K, committed 4736K, reserved 1048576K
Event: 3.075 GC heap after
Heap after GC invocations=7 (full 1):
 PSYoungGen      total 124416K, used 9329K [0x00000000e0000000, 0x00000000e8700000, 0x0000000100000000)
  eden space 113664K, 0% used [0x00000000e0000000,0x00000000e0000000,0x00000000e6f00000)
  from space 10752K, 86% used [0x00000000e7c80000,0x00000000e859c4d8,0x00000000e8700000)
  to   space 12288K, 0% used [0x00000000e6f00000,0x00000000e6f00000,0x00000000e7b00000)
 ParOldGen       total 87552K, used 6958K [0x00000000a0000000, 0x00000000a5580000, 0x00000000e0000000)
  object space 87552K, 7% used [0x00000000a0000000,0x00000000a06cba58,0x00000000a5580000)
 Metaspace       used 32780K, capacity 33846K, committed 33920K, reserved 1079296K
  class space    used 4467K, capacity 4723K, committed 4736K, reserved 1048576K
}
Event: 3.190 GC heap before
{Heap before GC invocations=8 (full 1):
 PSYoungGen      total 124416K, used 36790K [0x00000000e0000000, 0x00000000e8700000, 0x0000000100000000)
  eden space 113664K, 24% used [0x00000000e0000000,0x00000000e1ad1478,0x00000000e6f00000)
  from space 10752K, 86% used [0x00000000e7c80000,0x00000000e859c4d8,0x00000000e8700000)
  to   space 12288K, 0% used [0x00000000e6f00000,0x00000000e6f00000,0x00000000e7b00000)
 ParOldGen       total 87552K, used 6958K [0x00000000a0000000, 0x00000000a5580000, 0x00000000e0000000)
  object space 87552K, 7% used [0x00000000a0000000,0x00000000a06cba58,0x00000000a5580000)
 Metaspace       used 34183K, capacity 35392K, committed 35416K, reserved 1079296K
  class space    used 4694K, capacity 4973K, committed 4992K, reserved 1048576K
Event: 3.195 GC heap after
Heap after GC invocations=8 (full 1):
 PSYoungGen      total 125952K, used 8093K [0x00000000e0000000, 0x00000000edb00000, 0x0000000100000000)
  eden space 113664K, 0% used [0x00000000e0000000,0x00000000e0000000,0x00000000e6f00000)
  from space 12288K, 65% used [0x00000000e6f00000,0x00000000e76e75b8,0x00000000e7b00000)
  to   space 11776K, 0% used [0x00000000ecf80000,0x00000000ecf80000,0x00000000edb00000)
 ParOldGen       total 87552K, used 6966K [0x00000000a0000000, 0x00000000a5580000, 0x00000000e0000000)
  object space 87552K, 7% used [0x00000000a0000000,0x00000000a06cda58,0x00000000a5580000)
 Metaspace       used 34183K, capacity 35392K, committed 35416K, reserved 1079296K
  class space    used 4694K, capacity 4973K, committed 4992K, reserved 1048576K
}
Event: 3.195 GC heap before
{Heap before GC invocations=9 (full 2):
 PSYoungGen      total 125952K, used 8093K [0x00000000e0000000, 0x00000000edb00000, 0x0000000100000000)
  eden space 113664K, 0% used [0x00000000e0000000,0x00000000e0000000,0x00000000e6f00000)
  from space 12288K, 65% used [0x00000000e6f00000,0x00000000e76e75b8,0x00000000e7b00000)
  to   space 11776K, 0% used [0x00000000ecf80000,0x00000000ecf80000,0x00000000edb00000)
 ParOldGen       total 87552K, used 6966K [0x00000000a0000000, 0x00000000a5580000, 0x00000000e0000000)
  object space 87552K, 7% used [0x00000000a0000000,0x00000000a06cda58,0x00000000a5580000)
 Metaspace       used 34183K, capacity 35392K, committed 35416K, reserved 1079296K
  class space    used 4694K, capacity 4973K, committed 4992K, reserved 1048576K
Event: 3.224 GC heap after
Heap after GC invocations=9 (full 2):
 PSYoungGen      total 125952K, used 0K [0x00000000e0000000, 0x00000000edb00000, 0x0000000100000000)
  eden space 113664K, 0% used [0x00000000e0000000,0x00000000e0000000,0x00000000e6f00000)
  from space 12288K, 0% used [0x00000000e6f00000,0x00000000e6f00000,0x00000000e7b00000)
  to   space 11776K, 0% used [0x00000000ecf80000,0x00000000ecf80000,0x00000000edb00000)
 ParOldGen       total 87552K, used 14411K [0x00000000a0000000, 0x00000000a5580000, 0x00000000e0000000)
  object space 87552K, 16% used [0x00000000a0000000,0x00000000a0e12ee0,0x00000000a5580000)
 Metaspace       used 34183K, capacity 35392K, committed 35416K, reserved 1079296K
  class space    used 4694K, capacity 4973K, committed 4992K, reserved 1048576K
}

